# Logfile created on Mon Oct 30 14:57:05 EST 2006 by logger.rb/1.5.2.7
No such file or directory - /tmp/mysql.sock
./script/../config/../vendor/rails/activerecord/lib/active_record/vendor/mysql.rb:104:in `initialize'
./script/../config/../vendor/rails/activerecord/lib/active_record/vendor/mysql.rb:104:in `new'
./script/../config/../vendor/rails/activerecord/lib/active_record/vendor/mysql.rb:104:in `real_connect'
./script/../config/../vendor/rails/activerecord/lib/active_record/connection_adapters/mysql_adapter.rb:330:in `connect'
./script/../config/../vendor/rails/activerecord/lib/active_record/connection_adapters/mysql_adapter.rb:87:in `initialize'
./script/../config/../vendor/rails/activerecord/lib/active_record/connection_adapters/mysql_adapter.rb:36:in `new'
./script/../config/../vendor/rails/activerecord/lib/active_record/connection_adapters/mysql_adapter.rb:36:in `mysql_connection'
./script/../config/../vendor/rails/activerecord/lib/active_record/connection_adapters/abstract/connection_specification.rb:251:in `send'
./script/../config/../vendor/rails/activerecord/lib/active_record/connection_adapters/abstract/connection_specification.rb:251:in `connection_without_query_cache='
./script/../config/../vendor/rails/activerecord/lib/active_record/query_cache.rb:54:in `connection='
./script/../config/../vendor/rails/activerecord/lib/active_record/connection_adapters/abstract/connection_specification.rb:220:in `retrieve_connection'
./script/../config/../vendor/rails/activerecord/lib/active_record/connection_adapters/abstract/connection_specification.rb:78:in `connection'
./script/../config/../vendor/rails/activerecord/lib/active_record/base.rb:696:in `columns'
./script/../config/../vendor/rails/activerecord/lib/active_record/base.rb:704:in `columns_hash'
./script/../config/../vendor/rails/actionpack/lib/action_controller/session/active_record_store.rb:103:in `setup_sessid_compatibility!'
./script/../config/../vendor/rails/actionpack/lib/action_controller/session/active_record_store.rb:77:in `find_by_session_id'
./script/../config/../vendor/rails/actionpack/lib/action_controller/session/active_record_store.rb:281:in `initialize'
./script/../config/../vendor/rails/activerecord/lib/active_record/base.rb:794:in `silence'
./script/../config/../vendor/rails/actionpack/lib/action_controller/session/active_record_store.rb:281:in `initialize'
/Users/RCJW/.rvm/rubies/ruby-1.8.6-p420/lib/ruby/1.8/cgi/session.rb:274:in `new'
/Users/RCJW/.rvm/rubies/ruby-1.8.6-p420/lib/ruby/1.8/cgi/session.rb:274:in `initialize'
./script/../config/../vendor/rails/actionpack/lib/action_controller/cgi_process.rb:112:in `new'
./script/../config/../vendor/rails/actionpack/lib/action_controller/cgi_process.rb:112:in `session'
./script/../config/../vendor/rails/actionpack/lib/action_controller/cgi_process.rb:142:in `stale_session_check!'
./script/../config/../vendor/rails/actionpack/lib/action_controller/cgi_process.rb:108:in `session'
./script/../config/../vendor/rails/actionpack/lib/action_controller/base.rb:918:in `assign_shortcuts_without_flash'
./script/../config/../vendor/rails/actionpack/lib/action_controller/flash.rb:141:in `assign_shortcuts'
./script/../config/../vendor/rails/actionpack/lib/action_controller/base.rb:402:in `process_without_filters'
./script/../config/../vendor/rails/actionpack/lib/action_controller/filters.rb:377:in `process_without_session_management_support'
./script/../config/../vendor/rails/actionpack/lib/action_controller/session_management.rb:117:in `process'
./script/../config/../vendor/rails/railties/lib/dispatcher.rb:38:in `dispatch'
./script/../config/../vendor/rails/railties/lib/webrick_server.rb:115:in `handle_dispatch'
./script/../config/../vendor/rails/railties/lib/webrick_server.rb:81:in `service'
/Users/RCJW/.rvm/rubies/ruby-1.8.6-p420/lib/ruby/1.8/webrick/httpserver.rb:104:in `service'
/Users/RCJW/.rvm/rubies/ruby-1.8.6-p420/lib/ruby/1.8/webrick/httpserver.rb:65:in `run'
/Users/RCJW/.rvm/rubies/ruby-1.8.6-p420/lib/ruby/1.8/webrick/server.rb:173:in `start_thread'
/Users/RCJW/.rvm/rubies/ruby-1.8.6-p420/lib/ruby/1.8/webrick/server.rb:162:in `start'
/Users/RCJW/.rvm/rubies/ruby-1.8.6-p420/lib/ruby/1.8/webrick/server.rb:162:in `start_thread'
/Users/RCJW/.rvm/rubies/ruby-1.8.6-p420/lib/ruby/1.8/webrick/server.rb:95:in `start'
/Users/RCJW/.rvm/rubies/ruby-1.8.6-p420/lib/ruby/1.8/webrick/server.rb:92:in `each'
/Users/RCJW/.rvm/rubies/ruby-1.8.6-p420/lib/ruby/1.8/webrick/server.rb:92:in `start'
/Users/RCJW/.rvm/rubies/ruby-1.8.6-p420/lib/ruby/1.8/webrick/server.rb:23:in `start'
/Users/RCJW/.rvm/rubies/ruby-1.8.6-p420/lib/ruby/1.8/webrick/server.rb:82:in `start'
./script/../config/../vendor/rails/railties/lib/webrick_server.rb:67:in `dispatch'
./script/../config/../vendor/rails/railties/lib/commands/servers/webrick.rb:59
/Users/RCJW/.rvm/rubies/ruby-1.8.6-p420/lib/ruby/site_ruby/1.8/rubygems/custom_require.rb:31:in `gem_original_require'
/Users/RCJW/.rvm/rubies/ruby-1.8.6-p420/lib/ruby/site_ruby/1.8/rubygems/custom_require.rb:31:in `require'
./script/../config/../vendor/rails/activesupport/lib/active_support/dependencies.rb:147:in `require'
./script/../config/../vendor/rails/railties/lib/commands/server.rb:30
script/server:3:in `require'
script/server:3
No such file or directory - /tmp/mysql.sock
./script/../config/../vendor/rails/activerecord/lib/active_record/vendor/mysql.rb:104:in `initialize'
./script/../config/../vendor/rails/activerecord/lib/active_record/vendor/mysql.rb:104:in `new'
./script/../config/../vendor/rails/activerecord/lib/active_record/vendor/mysql.rb:104:in `real_connect'
./script/../config/../vendor/rails/activerecord/lib/active_record/connection_adapters/mysql_adapter.rb:330:in `connect'
./script/../config/../vendor/rails/activerecord/lib/active_record/connection_adapters/mysql_adapter.rb:87:in `initialize'
./script/../config/../vendor/rails/activerecord/lib/active_record/connection_adapters/mysql_adapter.rb:36:in `new'
./script/../config/../vendor/rails/activerecord/lib/active_record/connection_adapters/mysql_adapter.rb:36:in `mysql_connection'
./script/../config/../vendor/rails/activerecord/lib/active_record/connection_adapters/abstract/connection_specification.rb:251:in `send'
./script/../config/../vendor/rails/activerecord/lib/active_record/connection_adapters/abstract/connection_specification.rb:251:in `connection_without_query_cache='
./script/../config/../vendor/rails/activerecord/lib/active_record/query_cache.rb:54:in `connection='
./script/../config/../vendor/rails/activerecord/lib/active_record/connection_adapters/abstract/connection_specification.rb:220:in `retrieve_connection'
./script/../config/../vendor/rails/activerecord/lib/active_record/connection_adapters/abstract/connection_specification.rb:78:in `connection'
./script/../config/../vendor/rails/activerecord/lib/active_record/base.rb:696:in `columns'
./script/../config/../vendor/rails/activerecord/lib/active_record/base.rb:704:in `columns_hash'
./script/../config/../vendor/rails/actionpack/lib/action_controller/session/active_record_store.rb:103:in `setup_sessid_compatibility!'
./script/../config/../vendor/rails/actionpack/lib/action_controller/session/active_record_store.rb:77:in `find_by_session_id'
./script/../config/../vendor/rails/actionpack/lib/action_controller/session/active_record_store.rb:281:in `initialize'
./script/../config/../vendor/rails/activerecord/lib/active_record/base.rb:794:in `silence'
./script/../config/../vendor/rails/actionpack/lib/action_controller/session/active_record_store.rb:281:in `initialize'
/Users/RCJW/.rvm/rubies/ruby-1.8.6-p420/lib/ruby/1.8/cgi/session.rb:274:in `new'
/Users/RCJW/.rvm/rubies/ruby-1.8.6-p420/lib/ruby/1.8/cgi/session.rb:274:in `initialize'
./script/../config/../vendor/rails/actionpack/lib/action_controller/cgi_process.rb:112:in `new'
./script/../config/../vendor/rails/actionpack/lib/action_controller/cgi_process.rb:112:in `session'
./script/../config/../vendor/rails/actionpack/lib/action_controller/cgi_process.rb:142:in `stale_session_check!'
./script/../config/../vendor/rails/actionpack/lib/action_controller/cgi_process.rb:108:in `session'
./script/../config/../vendor/rails/actionpack/lib/action_controller/base.rb:918:in `assign_shortcuts_without_flash'
./script/../config/../vendor/rails/actionpack/lib/action_controller/flash.rb:141:in `assign_shortcuts'
./script/../config/../vendor/rails/actionpack/lib/action_controller/base.rb:402:in `process_without_filters'
./script/../config/../vendor/rails/actionpack/lib/action_controller/filters.rb:377:in `process_without_session_management_support'
./script/../config/../vendor/rails/actionpack/lib/action_controller/session_management.rb:117:in `process'
./script/../config/../vendor/rails/railties/lib/dispatcher.rb:38:in `dispatch'
./script/../config/../vendor/rails/railties/lib/webrick_server.rb:115:in `handle_dispatch'
./script/../config/../vendor/rails/railties/lib/webrick_server.rb:81:in `service'
/Users/RCJW/.rvm/rubies/ruby-1.8.6-p420/lib/ruby/1.8/webrick/httpserver.rb:104:in `service'
/Users/RCJW/.rvm/rubies/ruby-1.8.6-p420/lib/ruby/1.8/webrick/httpserver.rb:65:in `run'
/Users/RCJW/.rvm/rubies/ruby-1.8.6-p420/lib/ruby/1.8/webrick/server.rb:173:in `start_thread'
/Users/RCJW/.rvm/rubies/ruby-1.8.6-p420/lib/ruby/1.8/webrick/server.rb:162:in `start'
/Users/RCJW/.rvm/rubies/ruby-1.8.6-p420/lib/ruby/1.8/webrick/server.rb:162:in `start_thread'
/Users/RCJW/.rvm/rubies/ruby-1.8.6-p420/lib/ruby/1.8/webrick/server.rb:95:in `start'
/Users/RCJW/.rvm/rubies/ruby-1.8.6-p420/lib/ruby/1.8/webrick/server.rb:92:in `each'
/Users/RCJW/.rvm/rubies/ruby-1.8.6-p420/lib/ruby/1.8/webrick/server.rb:92:in `start'
/Users/RCJW/.rvm/rubies/ruby-1.8.6-p420/lib/ruby/1.8/webrick/server.rb:23:in `start'
/Users/RCJW/.rvm/rubies/ruby-1.8.6-p420/lib/ruby/1.8/webrick/server.rb:82:in `start'
./script/../config/../vendor/rails/railties/lib/webrick_server.rb:67:in `dispatch'
./script/../config/../vendor/rails/railties/lib/commands/servers/webrick.rb:59
/Users/RCJW/.rvm/rubies/ruby-1.8.6-p420/lib/ruby/site_ruby/1.8/rubygems/custom_require.rb:31:in `gem_original_require'
/Users/RCJW/.rvm/rubies/ruby-1.8.6-p420/lib/ruby/site_ruby/1.8/rubygems/custom_require.rb:31:in `require'
./script/../config/../vendor/rails/activesupport/lib/active_support/dependencies.rb:147:in `require'
./script/../config/../vendor/rails/railties/lib/commands/server.rb:30
script/server:3:in `require'
script/server:3
